<?xml version="1.0" encoding="UTF-8"?>
<testng-results skipped="0" failed="0" ignored="2" total="4" passed="2">
  <reporter-output>
  </reporter-output>
  <suite name="WEB_APP" duration-ms="19947" started-at="2022-07-02T12:48:24 IST" finished-at="2022-07-02T12:48:44 IST">
    <groups>
      <group name="P1">
        <method signature="AllTests.sauceProductOnlineBuyEndToEndTransaction()[pri:0, instance:com.webapp.tests.AllTests@305fd85d]" name="sauceProductOnlineBuyEndToEndTransaction" class="com.webapp.tests.AllTests"/>
        <method signature="AllTests.apiAutomationForPostEndPoints()[pri:0, instance:com.webapp.tests.AllTests@37d31475]" name="apiAutomationForPostEndPoints" class="com.webapp.tests.AllTests"/>
      </group> <!-- P1 -->
    </groups>
    <test name="Command line test 9762e956-fa17-4ff0-a474-8c978e6ed79f" duration-ms="16313" started-at="2022-07-02T12:48:24 IST" finished-at="2022-07-02T12:48:40 IST">
      <class name="com.webapp.tests.AllTests">
        <test-method status="PASS" signature="launchBrowser(java.lang.String, java.lang.String)[pri:0, instance:com.webapp.tests.AllTests@305fd85d]" name="launchBrowser" is-config="true" duration-ms="8715" started-at="2022-07-02T12:48:24 IST" finished-at="2022-07-02T12:48:33 IST">
          <params>
            <param index="0">
              <value>
                <![CDATA[TC001]]>
              </value>
            </param>
            <param index="1">
              <value>
                <![CDATA[WEB_APP_TD]]>
              </value>
            </param>
          </params>
          <reporter-output>
          </reporter-output>
        </test-method> <!-- launchBrowser -->
        <test-method status="PASS" signature="beforeClass()[pri:0, instance:com.webapp.tests.AllTests@305fd85d]" name="beforeClass" is-config="true" duration-ms="0" started-at="2022-07-02T12:48:33 IST" finished-at="2022-07-02T12:48:33 IST">
          <reporter-output>
          </reporter-output>
        </test-method> <!-- beforeClass -->
        <test-method status="PASS" signature="beforeMethod()[pri:0, instance:com.webapp.tests.AllTests@305fd85d]" name="beforeMethod" is-config="true" duration-ms="1" started-at="2022-07-02T12:48:33 IST" finished-at="2022-07-02T12:48:33 IST">
          <reporter-output>
          </reporter-output>
        </test-method> <!-- beforeMethod -->
        <test-method status="PASS" signature="sauceProductOnlineBuyEndToEndTransaction()[pri:0, instance:com.webapp.tests.AllTests@305fd85d]" name="sauceProductOnlineBuyEndToEndTransaction" duration-ms="5685" started-at="2022-07-02T12:48:33 IST" description="Buy Product online" finished-at="2022-07-02T12:48:38 IST">
          <reporter-output>
          </reporter-output>
        </test-method> <!-- sauceProductOnlineBuyEndToEndTransaction -->
        <test-method status="PASS" signature="closeBrowser()[pri:0, instance:com.webapp.tests.AllTests@305fd85d]" name="closeBrowser" is-config="true" duration-ms="1842" started-at="2022-07-02T12:48:38 IST" finished-at="2022-07-02T12:48:40 IST">
          <reporter-output>
          </reporter-output>
        </test-method> <!-- closeBrowser -->
      </class> <!-- com.webapp.tests.AllTests -->
    </test> <!-- Command line test 9762e956-fa17-4ff0-a474-8c978e6ed79f -->
    <test name="Command line test 28f133fd-9277-4805-93dc-2cb1e71695e9" duration-ms="3577" started-at="2022-07-02T12:48:40 IST" finished-at="2022-07-02T12:48:44 IST">
      <class name="com.webapp.tests.AllTests">
        <test-method status="PASS" signature="beforeSuite()[pri:0, instance:com.webapp.tests.AllTests@37d31475]" name="beforeSuite" is-config="true" duration-ms="164" started-at="2022-07-02T12:48:24 IST" finished-at="2022-07-02T12:48:24 IST">
          <reporter-output>
          </reporter-output>
        </test-method> <!-- beforeSuite -->
        <test-method status="PASS" signature="launchBrowser(java.lang.String, java.lang.String)[pri:0, instance:com.webapp.tests.AllTests@37d31475]" name="launchBrowser" is-config="true" duration-ms="0" started-at="2022-07-02T12:48:40 IST" finished-at="2022-07-02T12:48:40 IST">
          <params>
            <param index="0">
              <value>
                <![CDATA[TC002]]>
              </value>
            </param>
            <param index="1">
              <value>
                <![CDATA[WEB_APP_TD]]>
              </value>
            </param>
          </params>
          <reporter-output>
          </reporter-output>
        </test-method> <!-- launchBrowser -->
        <test-method status="PASS" signature="beforeClass()[pri:0, instance:com.webapp.tests.AllTests@37d31475]" name="beforeClass" is-config="true" duration-ms="1" started-at="2022-07-02T12:48:40 IST" finished-at="2022-07-02T12:48:40 IST">
          <reporter-output>
          </reporter-output>
        </test-method> <!-- beforeClass -->
        <test-method status="PASS" signature="beforeMethod()[pri:0, instance:com.webapp.tests.AllTests@37d31475]" name="beforeMethod" is-config="true" duration-ms="1" started-at="2022-07-02T12:48:40 IST" finished-at="2022-07-02T12:48:40 IST">
          <reporter-output>
          </reporter-output>
        </test-method> <!-- beforeMethod -->
        <test-method status="PASS" signature="apiAutomationForPostEndPoints()[pri:0, instance:com.webapp.tests.AllTests@37d31475]" name="apiAutomationForPostEndPoints" duration-ms="3372" started-at="2022-07-02T12:48:40 IST" description="Automation of the posts endpoints" finished-at="2022-07-02T12:48:44 IST">
          <reporter-output>
          </reporter-output>
        </test-method> <!-- apiAutomationForPostEndPoints -->
        <test-method status="PASS" signature="closeBrowser()[pri:0, instance:com.webapp.tests.AllTests@37d31475]" name="closeBrowser" is-config="true" duration-ms="194" started-at="2022-07-02T12:48:44 IST" finished-at="2022-07-02T12:48:44 IST">
          <reporter-output>
          </reporter-output>
        </test-method> <!-- closeBrowser -->
      </class> <!-- com.webapp.tests.AllTests -->
    </test> <!-- Command line test 28f133fd-9277-4805-93dc-2cb1e71695e9 -->
  </suite> <!-- WEB_APP -->
</testng-results>
