<?xml version="1.0" encoding="UTF-8"?>
<!-- Generated by org.testng.reporters.JUnitXMLReporter -->
<testsuite hostname="DESKTOP-13PAS6V" ignored="1" name="Command line test 28f133fd-9277-4805-93dc-2cb1e71695e9" tests="1" failures="0" timestamp="2022-07-02T12:48:44 IST" time="3.577" errors="0">
  <testcase name="apiAutomationForPostEndPoints" time="3.372" classname="com.webapp.tests.AllTests"/>
  <testcase name="sauceProductOnlineBuyEndToEndTransaction" time="0.0" classname="com.webapp.tests.AllTests">
    <ignored/>
  </testcase> <!-- sauceProductOnlineBuyEndToEndTransaction -->
</testsuite> <!-- Command line test 28f133fd-9277-4805-93dc-2cb1e71695e9 -->
