<?xml version="1.0" encoding="UTF-8"?>
<!-- Generated by org.testng.reporters.JUnitXMLReporter -->
<testsuite hostname="DESKTOP-13PAS6V" ignored="1" name="Command line test 9762e956-fa17-4ff0-a474-8c978e6ed79f" tests="1" failures="0" timestamp="2022-07-02T12:48:40 IST" time="16.313" errors="0">
  <testcase name="sauceProductOnlineBuyEndToEndTransaction" time="5.685" classname="com.webapp.tests.AllTests"/>
  <testcase name="apiAutomationForPostEndPoints" time="0.0" classname="com.webapp.tests.AllTests">
    <ignored/>
  </testcase> <!-- apiAutomationForPostEndPoints -->
</testsuite> <!-- Command line test 9762e956-fa17-4ff0-a474-8c978e6ed79f -->
