<?xml version="1.0" encoding="UTF-8"?>
<!-- Generated by org.testng.reporters.JUnitXMLReporter -->
<testsuite hostname="DESKTOP-13PAS6V" ignored="1" name="Command line test 5b82448c-75a3-46f3-a046-705511258a28" tests="1" failures="0" timestamp="2022-07-02T11:24:25 IST" time="4.504" errors="0">
  <testcase name="apiAutomationForPostEndPoints" time="4.098" classname="com.webapp.tests.AllTests"/>
  <testcase name="sauceProductOnlineBuyEndToEndTransaction" time="0.0" classname="com.webapp.tests.AllTests">
    <ignored/>
  </testcase> <!-- sauceProductOnlineBuyEndToEndTransaction -->
</testsuite> <!-- Command line test 5b82448c-75a3-46f3-a046-705511258a28 -->
