<?xml version="1.0" encoding="UTF-8"?>
<!-- Generated by org.testng.reporters.JUnitXMLReporter -->
<testsuite hostname="DESKTOP-13PAS6V" ignored="1" name="Command line test feb474c5-0b42-49a7-b82e-823e05341a53" tests="1" failures="0" timestamp="2022-07-01T14:40:44 IST" time="10.1" errors="0">
  <testcase name="apiAutomationForEndPoints" time="8.817" classname="com.webapp.tests.AllTests"/>
  <testcase name="sauceProductOnlineBuyEndToEndTransaction" time="0.0" classname="com.webapp.tests.AllTests">
    <ignored/>
  </testcase> <!-- sauceProductOnlineBuyEndToEndTransaction -->
</testsuite> <!-- Command line test feb474c5-0b42-49a7-b82e-823e05341a53 -->
