<?xml version="1.0" encoding="UTF-8"?>
<!-- Generated by org.testng.reporters.JUnitXMLReporter -->
<testsuite hostname="DESKTOP-13PAS6V" ignored="1" name="Command line test e9264c27-691c-4e1a-aeb9-0143b1922caa" tests="1" failures="0" timestamp="2022-07-01T13:27:39 IST" time="13.655" errors="0">
  <testcase name="apiAutomationForEndPoints" time="13.065" classname="com.webapp.tests.AllTests"/>
  <testcase name="sauceProductOnlineBuyEndToEndTransaction" time="0.0" classname="com.webapp.tests.AllTests">
    <ignored/>
  </testcase> <!-- sauceProductOnlineBuyEndToEndTransaction -->
</testsuite> <!-- Command line test e9264c27-691c-4e1a-aeb9-0143b1922caa -->
