<?xml version="1.0" encoding="UTF-8"?>
<!-- Generated by org.testng.reporters.JUnitXMLReporter -->
<testsuite hostname="DESKTOP-13PAS6V" ignored="1" name="Command line test bf179301-aade-43c0-940f-19e1fac98e8d" tests="1" failures="0" timestamp="2022-07-01T13:27:25 IST" time="37.212" errors="0">
  <testcase name="sauceProductOnlineBuyEndToEndTransaction" time="17.88" classname="com.webapp.tests.AllTests"/>
  <testcase name="apiAutomationForEndPoints" time="0.0" classname="com.webapp.tests.AllTests">
    <ignored/>
  </testcase> <!-- apiAutomationForEndPoints -->
</testsuite> <!-- Command line test bf179301-aade-43c0-940f-19e1fac98e8d -->
